

Started GET "/pages/home" for 127.0.0.1 at 2011-03-01 05:13:03 +0000

Mysql::ServerError::BadDbError (Unknown database 'sampleapp_development'):
  

Rendered /usr/local/lib/ruby/gems/1.9.1/gems/actionpack-3.0.4/lib/action_dispatch/middleware/templates/rescues/_trace.erb (3.0ms)
Rendered /usr/local/lib/ruby/gems/1.9.1/gems/actionpack-3.0.4/lib/action_dispatch/middleware/templates/rescues/_request_and_response.erb (14.1ms)
Rendered /usr/local/lib/ruby/gems/1.9.1/gems/actionpack-3.0.4/lib/action_dispatch/middleware/templates/rescues/diagnostics.erb within rescues/layout (22.0ms)


Started GET "/pages/home" for 127.0.0.1 at 2011-03-01 05:13:37 +0000

Mysql::ServerError::BadDbError (Unknown database 'sampleapp_development'):
  

Rendered /usr/local/lib/ruby/gems/1.9.1/gems/actionpack-3.0.4/lib/action_dispatch/middleware/templates/rescues/_trace.erb (1.5ms)
Rendered /usr/local/lib/ruby/gems/1.9.1/gems/actionpack-3.0.4/lib/action_dispatch/middleware/templates/rescues/_request_and_response.erb (8.3ms)
Rendered /usr/local/lib/ruby/gems/1.9.1/gems/actionpack-3.0.4/lib/action_dispatch/middleware/templates/rescues/diagnostics.erb within rescues/layout (14.6ms)


Started GET "/pages/home" for 127.0.0.1 at 2011-03-01 05:13:49 +0000

Mysql::ServerError::BadDbError (Unknown database 'sampleapp_development'):
  

Rendered /usr/local/lib/ruby/gems/1.9.1/gems/actionpack-3.0.4/lib/action_dispatch/middleware/templates/rescues/_trace.erb (1.6ms)
Rendered /usr/local/lib/ruby/gems/1.9.1/gems/actionpack-3.0.4/lib/action_dispatch/middleware/templates/rescues/_request_and_response.erb (1.7ms)
Rendered /usr/local/lib/ruby/gems/1.9.1/gems/actionpack-3.0.4/lib/action_dispatch/middleware/templates/rescues/diagnostics.erb within rescues/layout (10.1ms)


Started GET "/pages/home" for 127.0.0.1 at 2011-03-01 05:14:23 +0000
  Processing by PagesController#home as HTML
Rendered pages/home.html.erb within layouts/application (6.6ms)
Completed 200 OK in 12ms (Views: 11.6ms | ActiveRecord: 0.0ms)


Started GET "/pages/home" for 127.0.0.1 at 2011-03-01 06:23:03 +0000
  Processing by PagesController#home as HTML
Rendered pages/home.html.erb (0.4ms)
Completed 200 OK in 5ms (Views: 4.3ms | ActiveRecord: 0.0ms)


Started GET "/pages/home" for 127.0.0.1 at 2011-03-01 06:45:01 +0000
  Processing by PagesController#home as HTML
Rendered pages/home.html.erb within layouts/application (14.6ms)
Completed 200 OK in 21ms (Views: 20.2ms | ActiveRecord: 0.0ms)


Started GET "/pages/help" for 127.0.0.1 at 2011-03-01 06:45:06 +0000
  Processing by PagesController#help as HTML
Rendered pages/help.html.erb within layouts/application (1.0ms)
Completed 200 OK in 6ms (Views: 5.7ms | ActiveRecord: 0.0ms)


Started GET "/rails/info/properties" for 127.0.0.1 at 2011-03-01 12:13:08 +0000
  Processing by Rails::InfoController#properties as 
  [1m[36mSQL (0.6ms)[0m  [1mSHOW TABLES[0m
Rendered inline template (0.5ms)
Completed 200 OK in 69ms (Views: 1.5ms | ActiveRecord: 0.6ms)


Started GET "/rails/info/properties" for 127.0.0.1 at 2011-03-01 12:13:11 +0000
  Processing by Rails::InfoController#properties as 
Rendered inline template (0.6ms)
Completed 200 OK in 2ms (Views: 1.3ms | ActiveRecord: 0.0ms)


Started GET "/pages/home" for 127.0.0.1 at 2011-03-01 12:13:24 +0000
  Processing by PagesController#home as HTML
Rendered pages/home.html.erb within layouts/application (1.5ms)
Completed 200 OK in 7ms (Views: 6.2ms | ActiveRecord: 0.0ms)


Started GET "/pages/home" for 127.0.0.1 at 2011-03-01 14:03:39 +0000
  Processing by PagesController#home as HTML
Rendered pages/home.html.erb within layouts/application (1.3ms)
Completed 200 OK in 6ms (Views: 5.4ms | ActiveRecord: 0.0ms)
